<?xml version="1.0" encoding="UTF-8"?>
<!-- Generated by org.testng.reporters.JUnitXMLReporter -->
<testsuite ignored="0" hostname="Neeraj" failures="0" tests="20" name="Test" time="48.96" errors="0" timestamp="2026-02-08T02:24:15 IST">
  <testcase classname="testExecution.TC_homepage_03" name="addandremove" time="0.375"/>
  <testcase classname="testExecution.TC_homepage_04" name="removeallitems" time="10.491"/>
  <testcase classname="testExecution.TC_homepage_01" name="sortingitemslowtohigh" time="0.344"/>
  <testcase classname="testExecution.Testcase_09" name="price" time="0.676"/>
  <testcase classname="testExecution.TC_homepage_02" name="multipleproduct" time="0.317"/>
  <testcase classname="testExecution.TC_checkout_01" name="removeallitems" time="0.54"/>
  <testcase classname="testExecution.Testcase_All" name="itemorderingprocess" time="0.947"/>
  <testcase classname="testExecution.Testcase_10" name="removefname" time="0.568"/>
  <testcase classname="testExecution.Testcase_11" name="withoutlastname" time="0.532"/>
  <testcase classname="testExecution.TC_performance" name="checkexplicitwait" time="5.248"/>
  <testcase classname="testExecution.Testcase_03" name="lockedOutUserTest" time="0.18"/>
  <testcase classname="testExecution.Testcase_04" name="loginandlogout" time="0.401"/>
  <testcase classname="testExecution.Testcase_01" name="validlogin" time="0.199"/>
  <testcase classname="testExecution.Testcase_12" name="shoppingcartloc" time="0.223"/>
  <testcase classname="testExecution.Testcase_02" name="invalidlogin" time="0.159"/>
  <testcase classname="testExecution.Testcase_07" name="testVisualUserButtonColor" time="0.2"/>
  <testcase classname="testExecution.Testcase_08" name="price" time="0.383"/>
  <testcase classname="testExecution.TC_homepage_05" name="sortingitemshightolow" time="0.318"/>
  <testcase classname="testExecution.Testcase_05" name="testProblemUserImages" time="0.202"/>
  <testcase classname="testExecution.Testcase_06" name="brokenpage" time="0.937"/>
</testsuite> <!-- Test -->
