<?xml version="1.0" encoding="UTF-8"?>
<testng-results ignored="0" total="1" passed="1" failed="0" skipped="0">
  <reporter-output>
  </reporter-output>
  <suite started-at="2026-02-08T02:37:22 IST" name="Default suite" finished-at="2026-02-08T02:37:36 IST" duration-ms="13625">
    <groups>
    </groups>
    <test started-at="2026-02-08T02:37:22 IST" name="Default test" finished-at="2026-02-08T02:37:36 IST" duration-ms="13625">
      <class name="testExecution.TC_homepage_04">
        <test-method is-config="true" signature="setup()[pri:0, instance:testExecution.TC_homepage_04@1c7696c6]" started-at="2026-02-08T02:37:22 IST" name="setup" finished-at="2026-02-08T02:37:25 IST" duration-ms="2913" status="PASS">
          <reporter-output>
          </reporter-output>
        </test-method> <!-- setup -->
        <test-method signature="removeallitems()[pri:0, instance:testExecution.TC_homepage_04@1c7696c6]" started-at="2026-02-08T02:37:25 IST" name="removeallitems" finished-at="2026-02-08T02:37:35 IST" duration-ms="10532" status="PASS">
          <reporter-output>
          </reporter-output>
        </test-method> <!-- removeallitems -->
        <test-method is-config="true" signature="close()[pri:0, instance:testExecution.TC_homepage_04@1c7696c6]" started-at="2026-02-08T02:37:35 IST" name="close" finished-at="2026-02-08T02:37:36 IST" duration-ms="146" status="PASS">
          <reporter-output>
          </reporter-output>
        </test-method> <!-- close -->
      </class> <!-- testExecution.TC_homepage_04 -->
    </test> <!-- Default test -->
  </suite> <!-- Default suite -->
</testng-results>
